<?xml version="1.0" encoding="UTF-8"?>
<!-- Generated by org.testng.reporters.JUnitReportReporter -->
<testsuite hostname="INLEN8520087289" failures="0" tests="1" name="Test.LoginTest" time="21.681" errors="0" timestamp="2023-01-24T09:57:40 IST" skipped="0">
  <testcase classname="Test.LoginTest" name="Login" time="21.681"/>
  <system-out/>
</testsuite> <!-- Test.LoginTest -->
